<?xml version="1.0" encoding="UTF-8"?>
<!-- Generated by org.testng.reporters.JUnitXMLReporter -->
<testsuite hostname="ubuntu" ignored="0" name="RegressionTests-P1" tests="63" failures="0" timestamp="16 Aug 2018 06:40:25 GMT" time="22.628" errors="0">
  <testcase name="@BeforeMethod openApplication" time="0.0" classname="org.sunbird.startup.BaseTest">
    <failure type="org.openqa.selenium.WebDriverException" message="Timed out waiting for driver server to start.
Build info: version: &amp;apos;3.12.0&amp;apos;, revision: &amp;apos;7c6e0b3&amp;apos;, time: &amp;apos;2018-05-08T14:04:26.12Z&amp;apos;
System info: host: &amp;apos;ubuntu&amp;apos;, ip: &amp;apos;127.0.1.1&amp;apos;, os.name: &amp;apos;Linux&amp;apos;, os.arch: &amp;apos;amd64&amp;apos;, os.version: &amp;apos;4.15.0-32-generic&amp;apos;, java.version: &amp;apos;1.8.0_181&amp;apos;
Driver info: driver.version: ChromeDriver">
      <![CDATA[org.openqa.selenium.WebDriverException: Timed out waiting for driver server to start.
Build info: version: '3.12.0', revision: '7c6e0b3', time: '2018-05-08T14:04:26.12Z'
System info: host: 'ubuntu', ip: '127.0.1.1', os.name: 'Linux', os.arch: 'amd64', os.version: '4.15.0-32-generic', java.version: '1.8.0_181'
Driver info: driver.version: ChromeDriver
	at org.openqa.selenium.remote.service.DriverService.waitUntilAvailable(DriverService.java:192)
	at org.openqa.selenium.remote.service.DriverService.start(DriverService.java:178)
	at org.openqa.selenium.remote.service.DriverCommandExecutor.execute(DriverCommandExecutor.java:79)
	at org.openqa.selenium.remote.RemoteWebDriver.execute(RemoteWebDriver.java:543)
	at org.openqa.selenium.remote.RemoteWebDriver.startSession(RemoteWebDriver.java:207)
	at org.openqa.selenium.remote.RemoteWebDriver.<init>(RemoteWebDriver.java:130)
	at org.openqa.selenium.chrome.ChromeDriver.<init>(ChromeDriver.java:181)
	at org.openqa.selenium.chrome.ChromeDriver.<init>(ChromeDriver.java:168)
	at org.openqa.selenium.chrome.ChromeDriver.<init>(ChromeDriver.java:157)
	at org.sunbird.startup.BaseTest.openApplication(BaseTest.java:24)
Caused by: org.openqa.selenium.net.UrlChecker$TimeoutException: Timed out waiting for [http://localhost:28807/status] to be available after 20021 ms
	at org.openqa.selenium.net.UrlChecker.waitUntilAvailable(UrlChecker.java:100)
	at org.openqa.selenium.remote.service.DriverService.waitUntilAvailable(DriverService.java:187)
	... 45 more
Caused by: java.util.concurrent.TimeoutException
	at java.util.concurrent.FutureTask.get(FutureTask.java:205)
	at com.google.common.util.concurrent.SimpleTimeLimiter.callWithTimeout(SimpleTimeLimiter.java:148)
	at org.openqa.selenium.net.UrlChecker.waitUntilAvailable(UrlChecker.java:75)
	... 46 more
... Removed 36 stack frames]]>
    </failure>
  </testcase> <!-- @BeforeMethod openApplication -->
  <testcase name="@AfterMethod closeApplication" time="0.0" classname="org.sunbird.startup.BaseTest">
    <skipped/>
  </testcase> <!-- @AfterMethod closeApplication -->
  <testcase name="@BeforeMethod openApplication" time="0.0" classname="org.sunbird.startup.BaseTest">
    <skipped/>
  </testcase> <!-- @BeforeMethod openApplication -->
  <testcase name="@AfterMethod closeApplication" time="0.0" classname="org.sunbird.startup.BaseTest">
    <skipped/>
  </testcase> <!-- @AfterMethod closeApplication -->
  <testcase name="@BeforeMethod openApplication" time="0.0" classname="org.sunbird.startup.BaseTest">
    <skipped/>
  </testcase> <!-- @BeforeMethod openApplication -->
  <testcase name="@AfterMethod closeApplication" time="0.0" classname="org.sunbird.startup.BaseTest">
    <skipped/>
  </testcase> <!-- @AfterMethod closeApplication -->
  <testcase name="@BeforeMethod openApplication" time="0.0" classname="org.sunbird.startup.BaseTest">
    <skipped/>
  </testcase> <!-- @BeforeMethod openApplication -->
  <testcase name="@AfterMethod closeApplication" time="0.0" classname="org.sunbird.startup.BaseTest">
    <skipped/>
  </testcase> <!-- @AfterMethod closeApplication -->
  <testcase name="@BeforeMethod openApplication" time="0.0" classname="org.sunbird.startup.BaseTest">
    <skipped/>
  </testcase> <!-- @BeforeMethod openApplication -->
  <testcase name="@AfterMethod closeApplication" time="0.0" classname="org.sunbird.startup.BaseTest">
    <skipped/>
  </testcase> <!-- @AfterMethod closeApplication -->
  <testcase name="@BeforeMethod openApplication" time="0.0" classname="org.sunbird.startup.BaseTest">
    <skipped/>
  </testcase> <!-- @BeforeMethod openApplication -->
  <testcase name="@AfterMethod closeApplication" time="0.0" classname="org.sunbird.startup.BaseTest">
    <skipped/>
  </testcase> <!-- @AfterMethod closeApplication -->
  <testcase name="@BeforeMethod openApplication" time="0.0" classname="org.sunbird.startup.BaseTest">
    <skipped/>
  </testcase> <!-- @BeforeMethod openApplication -->
  <testcase name="@AfterMethod closeApplication" time="0.0" classname="org.sunbird.startup.BaseTest">
    <skipped/>
  </testcase> <!-- @AfterMethod closeApplication -->
  <testcase name="@BeforeMethod openApplication" time="0.0" classname="org.sunbird.startup.BaseTest">
    <skipped/>
  </testcase> <!-- @BeforeMethod openApplication -->
  <testcase name="@AfterMethod closeApplication" time="0.0" classname="org.sunbird.startup.BaseTest">
    <skipped/>
  </testcase> <!-- @AfterMethod closeApplication -->
  <testcase name="@BeforeMethod openApplication" time="0.0" classname="org.sunbird.startup.BaseTest">
    <skipped/>
  </testcase> <!-- @BeforeMethod openApplication -->
  <testcase name="@AfterMethod closeApplication" time="0.0" classname="org.sunbird.startup.BaseTest">
    <skipped/>
  </testcase> <!-- @AfterMethod closeApplication -->
  <testcase name="@BeforeMethod openApplication" time="0.0" classname="org.sunbird.startup.BaseTest">
    <skipped/>
  </testcase> <!-- @BeforeMethod openApplication -->
  <testcase name="@AfterMethod closeApplication" time="0.0" classname="org.sunbird.startup.BaseTest">
    <skipped/>
  </testcase> <!-- @AfterMethod closeApplication -->
  <testcase name="@BeforeMethod openApplication" time="0.0" classname="org.sunbird.startup.BaseTest">
    <skipped/>
  </testcase> <!-- @BeforeMethod openApplication -->
  <testcase name="@AfterMethod closeApplication" time="0.0" classname="org.sunbird.startup.BaseTest">
    <skipped/>
  </testcase> <!-- @AfterMethod closeApplication -->
  <testcase name="@BeforeMethod openApplication" time="0.0" classname="org.sunbird.startup.BaseTest">
    <skipped/>
  </testcase> <!-- @BeforeMethod openApplication -->
  <testcase name="@AfterMethod closeApplication" time="0.0" classname="org.sunbird.startup.BaseTest">
    <skipped/>
  </testcase> <!-- @AfterMethod closeApplication -->
  <testcase name="@BeforeMethod openApplication" time="0.0" classname="org.sunbird.startup.BaseTest">
    <skipped/>
  </testcase> <!-- @BeforeMethod openApplication -->
  <testcase name="@AfterMethod closeApplication" time="0.0" classname="org.sunbird.startup.BaseTest">
    <skipped/>
  </testcase> <!-- @AfterMethod closeApplication -->
  <testcase name="@BeforeMethod openApplication" time="0.0" classname="org.sunbird.startup.BaseTest">
    <skipped/>
  </testcase> <!-- @BeforeMethod openApplication -->
  <testcase name="@AfterMethod closeApplication" time="0.0" classname="org.sunbird.startup.BaseTest">
    <skipped/>
  </testcase> <!-- @AfterMethod closeApplication -->
  <testcase name="@BeforeMethod openApplication" time="0.0" classname="org.sunbird.startup.BaseTest">
    <skipped/>
  </testcase> <!-- @BeforeMethod openApplication -->
  <testcase name="@AfterMethod closeApplication" time="0.0" classname="org.sunbird.startup.BaseTest">
    <skipped/>
  </testcase> <!-- @AfterMethod closeApplication -->
  <testcase name="@BeforeMethod openApplication" time="0.0" classname="org.sunbird.startup.BaseTest">
    <skipped/>
  </testcase> <!-- @BeforeMethod openApplication -->
  <testcase name="@AfterMethod closeApplication" time="0.0" classname="org.sunbird.startup.BaseTest">
    <skipped/>
  </testcase> <!-- @AfterMethod closeApplication -->
  <testcase name="@BeforeMethod openApplication" time="0.0" classname="org.sunbird.startup.BaseTest">
    <skipped/>
  </testcase> <!-- @BeforeMethod openApplication -->
  <testcase name="@AfterMethod closeApplication" time="0.0" classname="org.sunbird.startup.BaseTest">
    <skipped/>
  </testcase> <!-- @AfterMethod closeApplication -->
  <testcase name="@BeforeMethod openApplication" time="0.0" classname="org.sunbird.startup.BaseTest">
    <skipped/>
  </testcase> <!-- @BeforeMethod openApplication -->
  <testcase name="@AfterMethod closeApplication" time="0.0" classname="org.sunbird.startup.BaseTest">
    <skipped/>
  </testcase> <!-- @AfterMethod closeApplication -->
  <testcase name="@BeforeMethod openApplication" time="0.0" classname="org.sunbird.startup.BaseTest">
    <skipped/>
  </testcase> <!-- @BeforeMethod openApplication -->
  <testcase name="@AfterMethod closeApplication" time="0.0" classname="org.sunbird.startup.BaseTest">
    <skipped/>
  </testcase> <!-- @AfterMethod closeApplication -->
  <testcase name="@BeforeMethod openApplication" time="0.0" classname="org.sunbird.startup.BaseTest">
    <skipped/>
  </testcase> <!-- @BeforeMethod openApplication -->
  <testcase name="@AfterMethod closeApplication" time="0.0" classname="org.sunbird.startup.BaseTest">
    <skipped/>
  </testcase> <!-- @AfterMethod closeApplication -->
  <testcase name="@BeforeMethod openApplication" time="0.0" classname="org.sunbird.startup.BaseTest">
    <skipped/>
  </testcase> <!-- @BeforeMethod openApplication -->
  <testcase name="@AfterMethod closeApplication" time="0.0" classname="org.sunbird.startup.BaseTest">
    <skipped/>
  </testcase> <!-- @AfterMethod closeApplication -->
  <testcase name="@BeforeMethod openApplication" time="0.0" classname="org.sunbird.startup.BaseTest">
    <skipped/>
  </testcase> <!-- @BeforeMethod openApplication -->
  <testcase name="@AfterMethod closeApplication" time="0.0" classname="org.sunbird.startup.BaseTest">
    <skipped/>
  </testcase> <!-- @AfterMethod closeApplication -->
  <testcase name="@BeforeMethod openApplication" time="0.0" classname="org.sunbird.startup.BaseTest">
    <skipped/>
  </testcase> <!-- @BeforeMethod openApplication -->
  <testcase name="@AfterMethod closeApplication" time="0.0" classname="org.sunbird.startup.BaseTest">
    <skipped/>
  </testcase> <!-- @AfterMethod closeApplication -->
  <testcase name="@BeforeMethod openApplication" time="0.0" classname="org.sunbird.startup.BaseTest">
    <skipped/>
  </testcase> <!-- @BeforeMethod openApplication -->
  <testcase name="@AfterMethod closeApplication" time="0.0" classname="org.sunbird.startup.BaseTest">
    <skipped/>
  </testcase> <!-- @AfterMethod closeApplication -->
  <testcase name="@BeforeMethod openApplication" time="0.0" classname="org.sunbird.startup.BaseTest">
    <skipped/>
  </testcase> <!-- @BeforeMethod openApplication -->
  <testcase name="@AfterMethod closeApplication" time="0.0" classname="org.sunbird.startup.BaseTest">
    <skipped/>
  </testcase> <!-- @AfterMethod closeApplication -->
  <testcase name="@BeforeMethod openApplication" time="0.0" classname="org.sunbird.startup.BaseTest">
    <skipped/>
  </testcase> <!-- @BeforeMethod openApplication -->
  <testcase name="@AfterMethod closeApplication" time="0.0" classname="org.sunbird.startup.BaseTest">
    <skipped/>
  </testcase> <!-- @AfterMethod closeApplication -->
  <testcase name="@BeforeMethod openApplication" time="0.0" classname="org.sunbird.startup.BaseTest">
    <skipped/>
  </testcase> <!-- @BeforeMethod openApplication -->
  <testcase name="@AfterMethod closeApplication" time="0.0" classname="org.sunbird.startup.BaseTest">
    <skipped/>
  </testcase> <!-- @AfterMethod closeApplication -->
  <testcase name="@BeforeMethod openApplication" time="0.0" classname="org.sunbird.startup.BaseTest">
    <skipped/>
  </testcase> <!-- @BeforeMethod openApplication -->
  <testcase name="@AfterMethod closeApplication" time="0.0" classname="org.sunbird.startup.BaseTest">
    <skipped/>
  </testcase> <!-- @AfterMethod closeApplication -->
  <testcase name="@BeforeMethod openApplication" time="0.0" classname="org.sunbird.startup.BaseTest">
    <skipped/>
  </testcase> <!-- @BeforeMethod openApplication -->
  <testcase name="@AfterMethod closeApplication" time="0.0" classname="org.sunbird.startup.BaseTest">
    <skipped/>
  </testcase> <!-- @AfterMethod closeApplication -->
  <testcase name="@BeforeMethod openApplication" time="0.0" classname="org.sunbird.startup.BaseTest">
    <skipped/>
  </testcase> <!-- @BeforeMethod openApplication -->
  <testcase name="@AfterMethod closeApplication" time="0.0" classname="org.sunbird.startup.BaseTest">
    <skipped/>
  </testcase> <!-- @AfterMethod closeApplication -->
  <testcase name="@BeforeMethod openApplication" time="0.0" classname="org.sunbird.startup.BaseTest">
    <skipped/>
  </testcase> <!-- @BeforeMethod openApplication -->
  <testcase name="@AfterMethod closeApplication" time="0.0" classname="org.sunbird.startup.BaseTest">
    <skipped/>
  </testcase> <!-- @AfterMethod closeApplication -->
  <testcase name="@BeforeMethod openApplication" time="0.0" classname="org.sunbird.startup.BaseTest">
    <skipped/>
  </testcase> <!-- @BeforeMethod openApplication -->
  <testcase name="@AfterMethod closeApplication" time="0.0" classname="org.sunbird.startup.BaseTest">
    <skipped/>
  </testcase> <!-- @AfterMethod closeApplication -->
  <testcase name="@BeforeMethod openApplication" time="0.0" classname="org.sunbird.startup.BaseTest">
    <skipped/>
  </testcase> <!-- @BeforeMethod openApplication -->
  <testcase name="@AfterMethod closeApplication" time="0.0" classname="org.sunbird.startup.BaseTest">
    <skipped/>
  </testcase> <!-- @AfterMethod closeApplication -->
  <testcase name="@BeforeMethod openApplication" time="0.0" classname="org.sunbird.startup.BaseTest">
    <skipped/>
  </testcase> <!-- @BeforeMethod openApplication -->
  <testcase name="@AfterMethod closeApplication" time="0.0" classname="org.sunbird.startup.BaseTest">
    <skipped/>
  </testcase> <!-- @AfterMethod closeApplication -->
  <testcase name="@BeforeMethod openApplication" time="0.0" classname="org.sunbird.startup.BaseTest">
    <skipped/>
  </testcase> <!-- @BeforeMethod openApplication -->
  <testcase name="@AfterMethod closeApplication" time="0.0" classname="org.sunbird.startup.BaseTest">
    <skipped/>
  </testcase> <!-- @AfterMethod closeApplication -->
  <testcase name="@BeforeMethod openApplication" time="0.0" classname="org.sunbird.startup.BaseTest">
    <skipped/>
  </testcase> <!-- @BeforeMethod openApplication -->
  <testcase name="@AfterMethod closeApplication" time="0.0" classname="org.sunbird.startup.BaseTest">
    <skipped/>
  </testcase> <!-- @AfterMethod closeApplication -->
  <testcase name="@BeforeMethod openApplication" time="0.0" classname="org.sunbird.startup.BaseTest">
    <skipped/>
  </testcase> <!-- @BeforeMethod openApplication -->
  <testcase name="@AfterMethod closeApplication" time="0.0" classname="org.sunbird.startup.BaseTest">
    <skipped/>
  </testcase> <!-- @AfterMethod closeApplication -->
  <testcase name="@BeforeMethod openApplication" time="0.0" classname="org.sunbird.startup.BaseTest">
    <skipped/>
  </testcase> <!-- @BeforeMethod openApplication -->
  <testcase name="@AfterMethod closeApplication" time="0.0" classname="org.sunbird.startup.BaseTest">
    <skipped/>
  </testcase> <!-- @AfterMethod closeApplication -->
  <testcase name="@BeforeMethod openApplication" time="0.0" classname="org.sunbird.startup.BaseTest">
    <skipped/>
  </testcase> <!-- @BeforeMethod openApplication -->
  <testcase name="@AfterMethod closeApplication" time="0.0" classname="org.sunbird.startup.BaseTest">
    <skipped/>
  </testcase> <!-- @AfterMethod closeApplication -->
  <testcase name="@BeforeMethod openApplication" time="0.0" classname="org.sunbird.startup.BaseTest">
    <skipped/>
  </testcase> <!-- @BeforeMethod openApplication -->
  <testcase name="@AfterMethod closeApplication" time="0.0" classname="org.sunbird.startup.BaseTest">
    <skipped/>
  </testcase> <!-- @AfterMethod closeApplication -->
  <testcase name="@BeforeMethod openApplication" time="0.0" classname="org.sunbird.startup.BaseTest">
    <skipped/>
  </testcase> <!-- @BeforeMethod openApplication -->
  <testcase name="@AfterMethod closeApplication" time="0.0" classname="org.sunbird.startup.BaseTest">
    <skipped/>
  </testcase> <!-- @AfterMethod closeApplication -->
  <testcase name="@BeforeMethod openApplication" time="0.0" classname="org.sunbird.startup.BaseTest">
    <skipped/>
  </testcase> <!-- @BeforeMethod openApplication -->
  <testcase name="@AfterMethod closeApplication" time="0.0" classname="org.sunbird.startup.BaseTest">
    <skipped/>
  </testcase> <!-- @AfterMethod closeApplication -->
  <testcase name="@BeforeMethod openApplication" time="0.0" classname="org.sunbird.startup.BaseTest">
    <skipped/>
  </testcase> <!-- @BeforeMethod openApplication -->
  <testcase name="@AfterMethod closeApplication" time="0.0" classname="org.sunbird.startup.BaseTest">
    <skipped/>
  </testcase> <!-- @AfterMethod closeApplication -->
  <testcase name="@BeforeMethod openApplication" time="0.0" classname="org.sunbird.startup.BaseTest">
    <skipped/>
  </testcase> <!-- @BeforeMethod openApplication -->
  <testcase name="@AfterMethod closeApplication" time="0.0" classname="org.sunbird.startup.BaseTest">
    <skipped/>
  </testcase> <!-- @AfterMethod closeApplication -->
  <testcase name="@BeforeMethod openApplication" time="0.0" classname="org.sunbird.startup.BaseTest">
    <skipped/>
  </testcase> <!-- @BeforeMethod openApplication -->
  <testcase name="@AfterMethod closeApplication" time="0.0" classname="org.sunbird.startup.BaseTest">
    <skipped/>
  </testcase> <!-- @AfterMethod closeApplication -->
  <testcase name="@BeforeMethod openApplication" time="0.0" classname="org.sunbird.startup.BaseTest">
    <skipped/>
  </testcase> <!-- @BeforeMethod openApplication -->
  <testcase name="@AfterMethod closeApplication" time="0.0" classname="org.sunbird.startup.BaseTest">
    <skipped/>
  </testcase> <!-- @AfterMethod closeApplication -->
  <testcase name="@BeforeMethod openApplication" time="0.0" classname="org.sunbird.startup.BaseTest">
    <skipped/>
  </testcase> <!-- @BeforeMethod openApplication -->
  <testcase name="@AfterMethod closeApplication" time="0.0" classname="org.sunbird.startup.BaseTest">
    <skipped/>
  </testcase> <!-- @AfterMethod closeApplication -->
  <testcase name="@BeforeMethod openApplication" time="0.0" classname="org.sunbird.startup.BaseTest">
    <skipped/>
  </testcase> <!-- @BeforeMethod openApplication -->
  <testcase name="@AfterMethod closeApplication" time="0.0" classname="org.sunbird.startup.BaseTest">
    <skipped/>
  </testcase> <!-- @AfterMethod closeApplication -->
  <testcase name="@BeforeMethod openApplication" time="0.0" classname="org.sunbird.startup.BaseTest">
    <skipped/>
  </testcase> <!-- @BeforeMethod openApplication -->
  <testcase name="@AfterMethod closeApplication" time="0.0" classname="org.sunbird.startup.BaseTest">
    <skipped/>
  </testcase> <!-- @AfterMethod closeApplication -->
  <testcase name="@BeforeMethod openApplication" time="0.0" classname="org.sunbird.startup.BaseTest">
    <skipped/>
  </testcase> <!-- @BeforeMethod openApplication -->
  <testcase name="@AfterMethod closeApplication" time="0.0" classname="org.sunbird.startup.BaseTest">
    <skipped/>
  </testcase> <!-- @AfterMethod closeApplication -->
  <testcase name="@BeforeMethod openApplication" time="0.0" classname="org.sunbird.startup.BaseTest">
    <skipped/>
  </testcase> <!-- @BeforeMethod openApplication -->
  <testcase name="@AfterMethod closeApplication" time="0.0" classname="org.sunbird.startup.BaseTest">
    <skipped/>
  </testcase> <!-- @AfterMethod closeApplication -->
  <testcase name="@BeforeMethod openApplication" time="0.0" classname="org.sunbird.startup.BaseTest">
    <skipped/>
  </testcase> <!-- @BeforeMethod openApplication -->
  <testcase name="@AfterMethod closeApplication" time="0.0" classname="org.sunbird.startup.BaseTest">
    <skipped/>
  </testcase> <!-- @AfterMethod closeApplication -->
  <testcase name="@BeforeMethod openApplication" time="0.0" classname="org.sunbird.startup.BaseTest">
    <skipped/>
  </testcase> <!-- @BeforeMethod openApplication -->
  <testcase name="@AfterMethod closeApplication" time="0.0" classname="org.sunbird.startup.BaseTest">
    <skipped/>
  </testcase> <!-- @AfterMethod closeApplication -->
  <testcase name="@BeforeMethod openApplication" time="0.0" classname="org.sunbird.startup.BaseTest">
    <skipped/>
  </testcase> <!-- @BeforeMethod openApplication -->
  <testcase name="@AfterMethod closeApplication" time="0.0" classname="org.sunbird.startup.BaseTest">
    <skipped/>
  </testcase> <!-- @AfterMethod closeApplication -->
  <testcase name="@BeforeMethod openApplication" time="0.0" classname="org.sunbird.startup.BaseTest">
    <skipped/>
  </testcase> <!-- @BeforeMethod openApplication -->
  <testcase name="@AfterMethod closeApplication" time="0.0" classname="org.sunbird.startup.BaseTest">
    <skipped/>
  </testcase> <!-- @AfterMethod closeApplication -->
  <testcase name="@BeforeMethod openApplication" time="0.0" classname="org.sunbird.startup.BaseTest">
    <skipped/>
  </testcase> <!-- @BeforeMethod openApplication -->
  <testcase name="@AfterMethod closeApplication" time="0.0" classname="org.sunbird.startup.BaseTest">
    <skipped/>
  </testcase> <!-- @AfterMethod closeApplication -->
  <testcase name="@BeforeMethod openApplication" time="0.0" classname="org.sunbird.startup.BaseTest">
    <skipped/>
  </testcase> <!-- @BeforeMethod openApplication -->
  <testcase name="@AfterMethod closeApplication" time="0.0" classname="org.sunbird.startup.BaseTest">
    <skipped/>
  </testcase> <!-- @AfterMethod closeApplication -->
  <testcase name="@BeforeMethod openApplication" time="0.0" classname="org.sunbird.startup.BaseTest">
    <skipped/>
  </testcase> <!-- @BeforeMethod openApplication -->
  <testcase name="@AfterMethod closeApplication" time="0.0" classname="org.sunbird.startup.BaseTest">
    <skipped/>
  </testcase> <!-- @AfterMethod closeApplication -->
  <testcase name="@BeforeMethod openApplication" time="0.0" classname="org.sunbird.startup.BaseTest">
    <skipped/>
  </testcase> <!-- @BeforeMethod openApplication -->
  <testcase name="@AfterMethod closeApplication" time="0.0" classname="org.sunbird.startup.BaseTest">
    <skipped/>
  </testcase> <!-- @AfterMethod closeApplication -->
  <testcase name="@BeforeMethod openApplication" time="0.0" classname="org.sunbird.startup.BaseTest">
    <skipped/>
  </testcase> <!-- @BeforeMethod openApplication -->
  <testcase name="@AfterMethod closeApplication" time="0.0" classname="org.sunbird.startup.BaseTest">
    <skipped/>
  </testcase> <!-- @AfterMethod closeApplication -->
  <testcase name="@BeforeMethod openApplication" time="0.0" classname="org.sunbird.startup.BaseTest">
    <skipped/>
  </testcase> <!-- @BeforeMethod openApplication -->
  <testcase name="@AfterMethod closeApplication" time="0.0" classname="org.sunbird.startup.BaseTest">
    <skipped/>
  </testcase> <!-- @AfterMethod closeApplication -->
  <testcase name="@BeforeMethod openApplication" time="0.0" classname="org.sunbird.startup.BaseTest">
    <skipped/>
  </testcase> <!-- @BeforeMethod openApplication -->
  <testcase name="@AfterMethod closeApplication" time="0.0" classname="org.sunbird.startup.BaseTest">
    <skipped/>
  </testcase> <!-- @AfterMethod closeApplication -->
  <testcase name="@BeforeMethod openApplication" time="0.0" classname="org.sunbird.startup.BaseTest">
    <skipped/>
  </testcase> <!-- @BeforeMethod openApplication -->
  <testcase name="@AfterMethod closeApplication" time="0.0" classname="org.sunbird.startup.BaseTest">
    <skipped/>
  </testcase> <!-- @AfterMethod closeApplication -->
  <testcase name="loginAndChangePasswordTestCase01_02" time="0.297" classname="org.sunbird.testscripts.PublicUser_TC01_02">
    <skipped/>
  </testcase> <!-- loginAndChangePasswordTestCase01_02 -->
  <testcase name="forgotPasswordTestCase03" time="0.0" classname="org.sunbird.testscripts.PublicUser_TC03">
    <skipped/>
  </testcase> <!-- forgotPasswordTestCase03 -->
  <testcase name="verifyHomePageTestCase04" time="0.003" classname="org.sunbird.testscripts.PublicUser_TC04">
    <skipped/>
  </testcase> <!-- verifyHomePageTestCase04 -->
  <testcase name="searchCourseTestCase05" time="0.003" classname="org.sunbird.testscripts.PublicUser_TC05">
    <skipped/>
  </testcase> <!-- searchCourseTestCase05 -->
  <testcase name="librarySearchTestCase06" time="0.0" classname="org.sunbird.testscripts.PublicUser_TC06">
    <skipped/>
  </testcase> <!-- librarySearchTestCase06 -->
  <testcase name="courseSearchFilterTestCase08" time="0.0" classname="org.sunbird.testscripts.PublicUser_TC08">
    <skipped/>
  </testcase> <!-- courseSearchFilterTestCase08 -->
  <testcase name="librarySearchFilterTestCase09" time="0.0" classname="org.sunbird.testscripts.PublicUser_TC09">
    <skipped/>
  </testcase> <!-- librarySearchFilterTestCase09 -->
  <testcase name="profilePhototTestCase10" time="0.001" classname="org.sunbird.testscripts.PublicUser_TC10">
    <skipped/>
  </testcase> <!-- profilePhototTestCase10 -->
  <testcase name="profileInfoUpdateTestCase11" time="0.001" classname="org.sunbird.testscripts.PublicUser_TC11">
    <skipped/>
  </testcase> <!-- profileInfoUpdateTestCase11 -->
  <testcase name="searchUsersTestCase12" time="0.001" classname="org.sunbird.testscripts.PublicUser_TC12">
    <skipped/>
  </testcase> <!-- searchUsersTestCase12 -->
  <testcase name="searchOrgsTestCase13" time="0.007" classname="org.sunbird.testscripts.PublicUser_TC13">
    <skipped/>
  </testcase> <!-- searchOrgsTestCase13 -->
  <testcase name="skillEndorsementTestCase14" time="0.001" classname="org.sunbird.testscripts.PublicUser_TC14">
    <skipped/>
  </testcase> <!-- skillEndorsementTestCase14 -->
  <testcase name="NavigateToAnnouncementDashboard_TC01" time="0.001" classname="org.sunbird.testscripts.Announcement_TC01">
    <skipped/>
  </testcase> <!-- NavigateToAnnouncementDashboard_TC01 -->
  <testcase name="createAnnouncement_TC02" time="0.012" classname="org.sunbird.testscripts.Announcement_TC02_03_04">
    <skipped/>
  </testcase> <!-- createAnnouncement_TC02 -->
  <testcase name="resendAnnouncement_TC05" time="0.001" classname="org.sunbird.testscripts.Announcement_TC05">
    <skipped/>
  </testcase> <!-- resendAnnouncement_TC05 -->
  <testcase name="resendAndVerifyAsReviewerAnnouncement_TC06" time="0.007" classname="org.sunbird.testscripts.Announcement_TC06">
    <skipped/>
  </testcase> <!-- resendAndVerifyAsReviewerAnnouncement_TC06 -->
  <testcase name="resendAndVerifyAsReviewerAnnouncement_TC07" time="0.004" classname="org.sunbird.testscripts.Announcement_TC07">
    <skipped/>
  </testcase> <!-- resendAndVerifyAsReviewerAnnouncement_TC07 -->
  <testcase name="openAnnouncement_TC08" time="0.001" classname="org.sunbird.testscripts.Announcement_TC08">
    <skipped/>
  </testcase> <!-- openAnnouncement_TC08 -->
  <testcase name="createWithAttachmentAnnouncement_TC09" time="0.001" classname="org.sunbird.testscripts.Announcement_TC09">
    <skipped/>
  </testcase> <!-- createWithAttachmentAnnouncement_TC09 -->
  <testcase name="testCase01" time="0.001" classname="org.sunbird.testscripts.Reviewer_TC01">
    <skipped/>
  </testcase> <!-- testCase01 -->
  <testcase name="testCase16" time="0.001" classname="org.sunbird.testscripts.Reviewer_TC14">
    <skipped/>
  </testcase> <!-- testCase16 -->
  <testcase name="testCase16" time="0.002" classname="org.sunbird.testscripts.Reviewer_TC16">
    <skipped/>
  </testcase> <!-- testCase16 -->
  <testcase name="checkCourseStatAsMentor_TC01" time="0.001" classname="org.sunbird.testscripts.Mentor_TC01">
    <skipped/>
  </testcase> <!-- checkCourseStatAsMentor_TC01 -->
  <testcase name="consumeOpenCourseByPublicUserInMentor_TC02" time="0.001" classname="org.sunbird.testscripts.Mentor_TC02">
    <skipped/>
  </testcase> <!-- consumeOpenCourseByPublicUserInMentor_TC02 -->
  <testcase name="checkAvailabilityCourseForInvitedMemberInMentor_TC03" time="0.009" classname="org.sunbird.testscripts.Mentor_TC03">
    <skipped/>
  </testcase> <!-- checkAvailabilityCourseForInvitedMemberInMentor_TC03 -->
  <testcase name="checkStatForOpenBatchMentor_TC05" time="0.0" classname="org.sunbird.testscripts.Mentor_TC05">
    <skipped/>
  </testcase> <!-- checkStatForOpenBatchMentor_TC05 -->
  <testcase name="updateBatchAsMemberInMentor_TC06" time="0.001" classname="org.sunbird.testscripts.Mentor_TC06">
    <skipped/>
  </testcase> <!-- updateBatchAsMemberInMentor_TC06 -->
  <testcase name="NavigateToMyActivityMentorTC_07" time="0.01" classname="org.sunbird.testscripts.Mentor_TC07">
    <skipped/>
  </testcase> <!-- NavigateToMyActivityMentorTC_07 -->
  <testcase name="suborgMentorInvitingOrgMentor_TC09" time="0.001" classname="org.sunbird.testscripts.Mentor_TC09">
    <skipped/>
  </testcase> <!-- suborgMentorInvitingOrgMentor_TC09 -->
  <testcase name="CheckForDownloadButtonInMentor_TC10" time="0.004" classname="org.sunbird.testscripts.Mentor_TC10">
    <skipped/>
  </testcase> <!-- CheckForDownloadButtonInMentor_TC10 -->
  <testcase name="checkForAuthenticUserInMentor_TC11" time="0.0" classname="org.sunbird.testscripts.Mentor_TC11">
    <skipped/>
  </testcase> <!-- checkForAuthenticUserInMentor_TC11 -->
  <testcase name="testcaseMentor12" time="0.003" classname="org.sunbird.testscripts.Mentor_TC12">
    <skipped/>
  </testcase> <!-- testcaseMentor12 -->
  <testcase name="consumeCourseByInvitedMemberInMentor_TC13" time="0.004" classname="org.sunbird.testscripts.Mentor_TC13">
    <skipped/>
  </testcase> <!-- consumeCourseByInvitedMemberInMentor_TC13 -->
  <testcase name="enrollToCourseInOpenBatchMentor_TC14" time="0.001" classname="org.sunbird.testscripts.Mentor_TC14">
    <skipped/>
  </testcase> <!-- enrollToCourseInOpenBatchMentor_TC14 -->
  <testcase name="uploadRootOrgTestCase01" time="0.001" classname="org.sunbird.testscripts.Admin_TC01">
    <skipped/>
  </testcase> <!-- uploadRootOrgTestCase01 -->
  <testcase name="courseCreationTestCase01" time="0.002" classname="org.sunbird.testscripts.Creator_TC01">
    <skipped/>
  </testcase> <!-- courseCreationTestCase01 -->
  <testcase name="rootOrgUsersTestCase03" time="0.004" classname="org.sunbird.testscripts.Admin_TC03">
    <skipped/>
  </testcase> <!-- rootOrgUsersTestCase03 -->
  <testcase name="bookCreationTestCase02" time="0.003" classname="org.sunbird.testscripts.Creator_TC02">
    <skipped/>
  </testcase> <!-- bookCreationTestCase02 -->
  <testcase name="uploadSubOrgTestCase02" time="0.003" classname="org.sunbird.testscripts.Admin_TC02">
    <skipped/>
  </testcase> <!-- uploadSubOrgTestCase02 -->
  <testcase name="lessonplanCreationTestCase03" time="0.003" classname="org.sunbird.testscripts.Creator_TC03">
    <skipped/>
  </testcase> <!-- lessonplanCreationTestCase03 -->
  <testcase name="subOrgUsersTestCase04" time="0.002" classname="org.sunbird.testscripts.Admin_TC04">
    <skipped/>
  </testcase> <!-- subOrgUsersTestCase04 -->
  <testcase name="uploadMp4TestCase04" time="0.001" classname="org.sunbird.testscripts.Creator_TC04">
    <skipped/>
  </testcase> <!-- uploadMp4TestCase04 -->
  <testcase name="rootUsersProviderAndExtIDtestCase05" time="0.0" classname="org.sunbird.testscripts.Admin_TC05">
    <skipped/>
  </testcase> <!-- rootUsersProviderAndExtIDtestCase05 -->
  <testcase name="uploadWebmTestCase05" time="0.0" classname="org.sunbird.testscripts.Creator_TC05">
    <skipped/>
  </testcase> <!-- uploadWebmTestCase05 -->
  <testcase name="subOrgUsersProviderAndExtIdtestCase06" time="0.0" classname="org.sunbird.testscripts.Admin_TC06">
    <skipped/>
  </testcase> <!-- subOrgUsersProviderAndExtIdtestCase06 -->
  <testcase name="uploadYoutubeTestCase06" time="0.0" classname="org.sunbird.testscripts.Creator_TC06">
    <skipped/>
  </testcase> <!-- uploadYoutubeTestCase06 -->
  <testcase name="adminDashboardTestCase07" time="0.003" classname="org.sunbird.testscripts.Admin_TC07">
    <skipped/>
  </testcase> <!-- adminDashboardTestCase07 -->
  <testcase name="uploadEpubTestCase07" time="0.009" classname="org.sunbird.testscripts.Creator_TC07">
    <skipped/>
  </testcase> <!-- uploadEpubTestCase07 -->
  <testcase name="adminCreationAndCsvTestCaseTC08_10" time="0.0" classname="org.sunbird.testscripts.Admin_TC08_10">
    <skipped/>
  </testcase> <!-- adminCreationAndCsvTestCaseTC08_10 -->
  <testcase name="uploadHtmlTestCase08" time="0.005" classname="org.sunbird.testscripts.Creator_TC08">
    <skipped/>
  </testcase> <!-- uploadHtmlTestCase08 -->
  <testcase name="adminConsumptionAndCsvTestCase09_11" time="0.001" classname="org.sunbird.testscripts.Admin_TC09_11">
    <skipped/>
  </testcase> <!-- adminConsumptionAndCsvTestCase09_11 -->
  <testcase name="uploadH5pTestCase09" time="0.005" classname="org.sunbird.testscripts.Creator_TC09">
    <skipped/>
  </testcase> <!-- uploadH5pTestCase09 -->
  <testcase name="collectionCreationTestCase10" time="0.004" classname="org.sunbird.testscripts.Creator_TC10">
    <skipped/>
  </testcase> <!-- collectionCreationTestCase10 -->
  <testcase name="resourceCreationTestCase11" time="0.0" classname="org.sunbird.testscripts.Creator_TC11">
    <skipped/>
  </testcase> <!-- resourceCreationTestCase11 -->
  <testcase name="myActivityTestCase12" time="0.001" classname="org.sunbird.testscripts.Creator_TC12">
    <skipped/>
  </testcase> <!-- myActivityTestCase12 -->
  <testcase name="editAndSendForReviewTestCase13" time="0.001" classname="org.sunbird.testscripts.Creator_TC13">
    <skipped/>
  </testcase> <!-- editAndSendForReviewTestCase13 -->
  <testcase name="contentLimitedSharingTestCase14" time="0.001" classname="org.sunbird.testscripts.Creator_TC14">
    <skipped/>
  </testcase> <!-- contentLimitedSharingTestCase14 -->
  <testcase name="checkReviewSubmissionTestCase15" time="0.001" classname="org.sunbird.testscripts.Creator_TC15">
    <skipped/>
  </testcase> <!-- checkReviewSubmissionTestCase15 -->
  <testcase name="checkReviewSubmissionTestCase15" time="0.0" classname="org.sunbird.testscripts.Creator_TC15">
    <skipped/>
  </testcase> <!-- checkReviewSubmissionTestCase15 -->
  <testcase name="verifyPublishedBucketTestCase16" time="0.001" classname="org.sunbird.testscripts.Creator_TC16">
    <skipped/>
  </testcase> <!-- verifyPublishedBucketTestCase16 -->
  <testcase name="dialCodeLinkTestCase17" time="0.0" classname="org.sunbird.testscripts.Creator_TC17">
    <skipped/>
  </testcase> <!-- dialCodeLinkTestCase17 -->
  <testcase name="unlinkDailcodeTestCase18" time="0.002" classname="org.sunbird.testscripts.Creator_TC18">
    <skipped/>
  </testcase> <!-- unlinkDailcodeTestCase18 -->
  <testcase name="bookCreatortestCase20" time="0.001" classname="org.sunbird.testscripts.Creator_TC20">
    <skipped/>
  </testcase> <!-- bookCreatortestCase20 -->
</testsuite> <!-- RegressionTests-P1 -->
