<?xml version="1.0" encoding="UTF-8"?>
<testsuite name="TestSuite" time="25.019" tests="189" errors="0" skipped="188" failures="1">
  <properties>
[...]
</properties>
  <testcase name="openApplication" classname="org.sunbird.testscripts.PublicUser_TC01_02" time="25.019">
    <failure message="Timed out waiting for driver server to start.&#10;Build info: version: &apos;3.12.0&apos;, revision: &apos;7c6e0b3&apos;, time: &apos;2018-05-08T14:04:26.12Z&apos;&#10;System info: host: &apos;ubuntu&apos;, ip: &apos;127.0.1.1&apos;, os.name: &apos;Linux&apos;, os.arch: &apos;amd64&apos;, os.version: &apos;4.15.0-32-generic&apos;, java.version: &apos;1.8.0_181&apos;&#10;Driver info: driver.version: ChromeDriver" type="org.openqa.selenium.WebDriverException"><![CDATA[org.openqa.selenium.WebDriverException: Timed out waiting for driver server to start.
Build info: version: '3.12.0', revision: '7c6e0b3', time: '2018-05-08T14:04:26.12Z'
System info: host: 'ubuntu', ip: '127.0.1.1', os.name: 'Linux', os.arch: 'amd64', os.version: '4.15.0-32-generic', java.version: '1.8.0_181'
Driver info: driver.version: ChromeDriver
	at java.util.concurrent.FutureTask.get(FutureTask.java:205)
	at com.google.common.util.concurrent.SimpleTimeLimiter.callWithTimeout(SimpleTimeLimiter.java:148)
	at org.openqa.selenium.net.UrlChecker.waitUntilAvailable(UrlChecker.java:75)
	at org.openqa.selenium.remote.service.DriverService.waitUntilAvailable(DriverService.java:187)
	at org.openqa.selenium.remote.service.DriverService.start(DriverService.java:178)
	at org.openqa.selenium.remote.service.DriverCommandExecutor.execute(DriverCommandExecutor.java:79)
	at org.openqa.selenium.remote.RemoteWebDriver.execute(RemoteWebDriver.java:543)
	at org.openqa.selenium.remote.RemoteWebDriver.startSession(RemoteWebDriver.java:207)
	at org.openqa.selenium.remote.RemoteWebDriver.<init>(RemoteWebDriver.java:130)
	at org.openqa.selenium.chrome.ChromeDriver.<init>(ChromeDriver.java:181)
	at org.openqa.selenium.chrome.ChromeDriver.<init>(ChromeDriver.java:168)
	at org.openqa.selenium.chrome.ChromeDriver.<init>(ChromeDriver.java:123)
	at org.sunbird.startup.BaseTest.openApplication(BaseTest.java:23)
	at sun.reflect.NativeMethodAccessorImpl.invoke0(Native Method)
	at sun.reflect.NativeMethodAccessorImpl.invoke(NativeMethodAccessorImpl.java:62)
	at sun.reflect.DelegatingMethodAccessorImpl.invoke(DelegatingMethodAccessorImpl.java:43)
	at java.lang.reflect.Method.invoke(Method.java:498)
	at org.testng.internal.MethodInvocationHelper.invokeMethod(MethodInvocationHelper.java:104)
	at org.testng.internal.Invoker.invokeConfigurationMethod(Invoker.java:515)
	at org.testng.internal.Invoker.invokeConfigurations(Invoker.java:217)
	at org.testng.internal.Invoker.invokeMethod(Invoker.java:590)
	at org.testng.internal.Invoker.invokeTestMethod(Invoker.java:851)
	at org.testng.internal.Invoker.invokeTestMethods(Invoker.java:1177)
	at org.testng.internal.TestMethodWorker.invokeTestMethods(TestMethodWorker.java:129)
	at org.testng.internal.TestMethodWorker.run(TestMethodWorker.java:112)
	at org.testng.TestRunner.privateRun(TestRunner.java:756)
	at org.testng.TestRunner.run(TestRunner.java:610)
	at org.testng.SuiteRunner.runTest(SuiteRunner.java:387)
	at org.testng.SuiteRunner.runSequentially(SuiteRunner.java:382)
	at org.testng.SuiteRunner.privateRun(SuiteRunner.java:340)
	at org.testng.SuiteRunner.run(SuiteRunner.java:289)
	at org.testng.SuiteRunnerWorker.runSuite(SuiteRunnerWorker.java:52)
	at org.testng.SuiteRunnerWorker.run(SuiteRunnerWorker.java:86)
	at org.testng.TestNG.runSuitesSequentially(TestNG.java:1293)
	at org.testng.TestNG.runSuitesLocally(TestNG.java:1218)
	at org.testng.TestNG.runSuites(TestNG.java:1133)
	at org.testng.TestNG.run(TestNG.java:1104)
	at org.apache.maven.surefire.testng.TestNGExecutor.run(TestNGExecutor.java:178)
	at org.apache.maven.surefire.testng.TestNGXmlTestSuite.execute(TestNGXmlTestSuite.java:92)
	at org.apache.maven.surefire.testng.TestNGProvider.invoke(TestNGProvider.java:96)
	at sun.reflect.NativeMethodAccessorImpl.invoke0(Native Method)
	at sun.reflect.NativeMethodAccessorImpl.invoke(NativeMethodAccessorImpl.java:62)
	at sun.reflect.DelegatingMethodAccessorImpl.invoke(DelegatingMethodAccessorImpl.java:43)
	at java.lang.reflect.Method.invoke(Method.java:498)
	at org.apache.maven.surefire.util.ReflectionUtils.invokeMethodWithArray2(ReflectionUtils.java:208)
	at org.apache.maven.surefire.booter.ProviderFactory$ProviderProxy.invoke(ProviderFactory.java:159)
	at org.apache.maven.surefire.booter.ProviderFactory.invokeProvider(ProviderFactory.java:87)
	at org.apache.maven.surefire.booter.ForkedBooter.runSuitesInProcess(ForkedBooter.java:153)
	at org.apache.maven.surefire.booter.ForkedBooter.main(ForkedBooter.java:95)
]]></failure>
    <system-out>I am in onStart method RegressionTests-P1
</system-out>
    <system-err>/home/qualitrix/Documents/sunbird_linux/Drivers/chromedriver: error while loading shared libraries: libgconf-2.so.4: cannot open shared object file: No such file or directory
Aug 15, 2018 11:14:56 PM org.openqa.selenium.os.OsProcess checkForError
SEVERE: org.apache.commons.exec.ExecuteException: Process exited with an error: 127 (Exit value: 127)
</system-err>
  </testcase>
  <testcase name="loginAndChangePasswordTestCase01_02" classname="org.sunbird.testscripts.PublicUser_TC01_02" time="0">
    <skipped/>
    <system-out>I am in onTestStart method loginAndChangePasswordTestCase01_02 start
</system-out>
  </testcase>
  <testcase name="closeApplication" classname="org.sunbird.testscripts.PublicUser_TC01_02" time="0">
    <skipped/>
    <system-out>I am in onTestSkipped method loginAndChangePasswordTestCase01_02 skipped
</system-out>
  </testcase>
  <testcase name="openApplication" classname="org.sunbird.testscripts.PublicUser_TC03" time="0">
    <skipped/>
  </testcase>
  <testcase name="forgotPasswordTestCase03" classname="org.sunbird.testscripts.PublicUser_TC03" time="0">
    <skipped/>
    <system-out>I am in onTestStart method forgotPasswordTestCase03 start
</system-out>
  </testcase>
  <testcase name="closeApplication" classname="org.sunbird.testscripts.PublicUser_TC03" time="0">
    <skipped/>
    <system-out>I am in onTestSkipped method forgotPasswordTestCase03 skipped
</system-out>
  </testcase>
  <testcase name="openApplication" classname="org.sunbird.testscripts.PublicUser_TC04" time="0">
    <skipped/>
  </testcase>
  <testcase name="verifyHomePageTestCase04" classname="org.sunbird.testscripts.PublicUser_TC04" time="0">
    <skipped/>
    <system-out>I am in onTestStart method verifyHomePageTestCase04 start
</system-out>
  </testcase>
  <testcase name="closeApplication" classname="org.sunbird.testscripts.PublicUser_TC04" time="0">
    <skipped/>
    <system-out>I am in onTestSkipped method verifyHomePageTestCase04 skipped
</system-out>
  </testcase>
  <testcase name="openApplication" classname="org.sunbird.testscripts.PublicUser_TC05" time="0">
    <skipped/>
  </testcase>
  <testcase name="searchCourseTestCase05" classname="org.sunbird.testscripts.PublicUser_TC05" time="0">
    <skipped/>
    <system-out>I am in onTestStart method searchCourseTestCase05 start
</system-out>
  </testcase>
  <testcase name="closeApplication" classname="org.sunbird.testscripts.PublicUser_TC05" time="0">
    <skipped/>
    <system-out>I am in onTestSkipped method searchCourseTestCase05 skipped
</system-out>
  </testcase>
  <testcase name="openApplication" classname="org.sunbird.testscripts.PublicUser_TC06" time="0">
    <skipped/>
  </testcase>
  <testcase name="librarySearchTestCase06" classname="org.sunbird.testscripts.PublicUser_TC06" time="0">
    <skipped/>
    <system-out>I am in onTestStart method librarySearchTestCase06 start
</system-out>
  </testcase>
  <testcase name="closeApplication" classname="org.sunbird.testscripts.PublicUser_TC06" time="0">
    <skipped/>
    <system-out>I am in onTestSkipped method librarySearchTestCase06 skipped
</system-out>
  </testcase>
  <testcase name="openApplication" classname="org.sunbird.testscripts.PublicUser_TC08" time="0">
    <skipped/>
  </testcase>
  <testcase name="courseSearchFilterTestCase08" classname="org.sunbird.testscripts.PublicUser_TC08" time="0">
    <skipped/>
    <system-out>I am in onTestStart method courseSearchFilterTestCase08 start
</system-out>
  </testcase>
  <testcase name="closeApplication" classname="org.sunbird.testscripts.PublicUser_TC08" time="0">
    <skipped/>
    <system-out>I am in onTestSkipped method courseSearchFilterTestCase08 skipped
</system-out>
  </testcase>
  <testcase name="openApplication" classname="org.sunbird.testscripts.PublicUser_TC09" time="0">
    <skipped/>
  </testcase>
  <testcase name="librarySearchFilterTestCase09" classname="org.sunbird.testscripts.PublicUser_TC09" time="0">
    <skipped/>
    <system-out>I am in onTestStart method librarySearchFilterTestCase09 start
</system-out>
  </testcase>
  <testcase name="closeApplication" classname="org.sunbird.testscripts.PublicUser_TC09" time="0">
    <skipped/>
    <system-out>I am in onTestSkipped method librarySearchFilterTestCase09 skipped
</system-out>
  </testcase>
  <testcase name="openApplication" classname="org.sunbird.testscripts.PublicUser_TC10" time="0">
    <skipped/>
  </testcase>
  <testcase name="profilePhototTestCase10" classname="org.sunbird.testscripts.PublicUser_TC10" time="0">
    <skipped/>
    <system-out>I am in onTestStart method profilePhototTestCase10 start
</system-out>
  </testcase>
  <testcase name="closeApplication" classname="org.sunbird.testscripts.PublicUser_TC10" time="0">
    <skipped/>
    <system-out>I am in onTestSkipped method profilePhototTestCase10 skipped
</system-out>
  </testcase>
  <testcase name="openApplication" classname="org.sunbird.testscripts.PublicUser_TC11" time="0">
    <skipped/>
  </testcase>
  <testcase name="profileInfoUpdateTestCase11" classname="org.sunbird.testscripts.PublicUser_TC11" time="0">
    <skipped/>
    <system-out>I am in onTestStart method profileInfoUpdateTestCase11 start
</system-out>
  </testcase>
  <testcase name="closeApplication" classname="org.sunbird.testscripts.PublicUser_TC11" time="0">
    <skipped/>
    <system-out>I am in onTestSkipped method profileInfoUpdateTestCase11 skipped
</system-out>
  </testcase>
  <testcase name="openApplication" classname="org.sunbird.testscripts.PublicUser_TC12" time="0">
    <skipped/>
  </testcase>
  <testcase name="searchUsersTestCase12" classname="org.sunbird.testscripts.PublicUser_TC12" time="0">
    <skipped/>
    <system-out>I am in onTestStart method searchUsersTestCase12 start
</system-out>
  </testcase>
  <testcase name="closeApplication" classname="org.sunbird.testscripts.PublicUser_TC12" time="0">
    <skipped/>
    <system-out>I am in onTestSkipped method searchUsersTestCase12 skipped
</system-out>
  </testcase>
  <testcase name="openApplication" classname="org.sunbird.testscripts.PublicUser_TC13" time="0">
    <skipped/>
  </testcase>
  <testcase name="searchOrgsTestCase13" classname="org.sunbird.testscripts.PublicUser_TC13" time="0">
    <skipped/>
    <system-out>I am in onTestStart method searchOrgsTestCase13 start
</system-out>
  </testcase>
  <testcase name="closeApplication" classname="org.sunbird.testscripts.PublicUser_TC13" time="0">
    <skipped/>
    <system-out>I am in onTestSkipped method searchOrgsTestCase13 skipped
</system-out>
  </testcase>
  <testcase name="openApplication" classname="org.sunbird.testscripts.PublicUser_TC14" time="0">
    <skipped/>
  </testcase>
  <testcase name="skillEndorsementTestCase14" classname="org.sunbird.testscripts.PublicUser_TC14" time="0">
    <skipped/>
    <system-out>I am in onTestStart method skillEndorsementTestCase14 start
</system-out>
  </testcase>
  <testcase name="closeApplication" classname="org.sunbird.testscripts.PublicUser_TC14" time="0">
    <skipped/>
    <system-out>I am in onTestSkipped method skillEndorsementTestCase14 skipped
</system-out>
  </testcase>
  <testcase name="openApplication" classname="org.sunbird.testscripts.Announcement_TC01" time="0">
    <skipped/>
  </testcase>
  <testcase name="NavigateToAnnouncementDashboard_TC01" classname="org.sunbird.testscripts.Announcement_TC01" time="0">
    <skipped/>
    <system-out>I am in onTestStart method NavigateToAnnouncementDashboard_TC01 start
</system-out>
  </testcase>
  <testcase name="closeApplication" classname="org.sunbird.testscripts.Announcement_TC01" time="0">
    <skipped/>
    <system-out>I am in onTestSkipped method NavigateToAnnouncementDashboard_TC01 skipped
</system-out>
  </testcase>
  <testcase name="openApplication" classname="org.sunbird.testscripts.Announcement_TC02_03_04" time="0">
    <skipped/>
  </testcase>
  <testcase name="createAnnouncement_TC02" classname="org.sunbird.testscripts.Announcement_TC02_03_04" time="0">
    <skipped/>
    <system-out>I am in onTestStart method createAnnouncement_TC02 start
</system-out>
  </testcase>
  <testcase name="closeApplication" classname="org.sunbird.testscripts.Announcement_TC02_03_04" time="0">
    <skipped/>
    <system-out>I am in onTestSkipped method createAnnouncement_TC02 skipped
</system-out>
  </testcase>
  <testcase name="openApplication" classname="org.sunbird.testscripts.Announcement_TC05" time="0">
    <skipped/>
  </testcase>
  <testcase name="resendAnnouncement_TC05" classname="org.sunbird.testscripts.Announcement_TC05" time="0">
    <skipped/>
    <system-out>I am in onTestStart method resendAnnouncement_TC05 start
</system-out>
  </testcase>
  <testcase name="closeApplication" classname="org.sunbird.testscripts.Announcement_TC05" time="0">
    <skipped/>
    <system-out>I am in onTestSkipped method resendAnnouncement_TC05 skipped
</system-out>
  </testcase>
  <testcase name="openApplication" classname="org.sunbird.testscripts.Announcement_TC06" time="0">
    <skipped/>
  </testcase>
  <testcase name="resendAndVerifyAsReviewerAnnouncement_TC06" classname="org.sunbird.testscripts.Announcement_TC06" time="0">
    <skipped/>
    <system-out>I am in onTestStart method resendAndVerifyAsReviewerAnnouncement_TC06 start
</system-out>
  </testcase>
  <testcase name="closeApplication" classname="org.sunbird.testscripts.Announcement_TC06" time="0">
    <skipped/>
    <system-out>I am in onTestSkipped method resendAndVerifyAsReviewerAnnouncement_TC06 skipped
</system-out>
  </testcase>
  <testcase name="openApplication" classname="org.sunbird.testscripts.Announcement_TC07" time="0">
    <skipped/>
  </testcase>
  <testcase name="resendAndVerifyAsReviewerAnnouncement_TC07" classname="org.sunbird.testscripts.Announcement_TC07" time="0">
    <skipped/>
    <system-out>I am in onTestStart method resendAndVerifyAsReviewerAnnouncement_TC07 start
</system-out>
  </testcase>
  <testcase name="closeApplication" classname="org.sunbird.testscripts.Announcement_TC07" time="0">
    <skipped/>
    <system-out>I am in onTestSkipped method resendAndVerifyAsReviewerAnnouncement_TC07 skipped
</system-out>
  </testcase>
  <testcase name="openApplication" classname="org.sunbird.testscripts.Announcement_TC08" time="0">
    <skipped/>
  </testcase>
  <testcase name="openAnnouncement_TC08" classname="org.sunbird.testscripts.Announcement_TC08" time="0">
    <skipped/>
    <system-out>I am in onTestStart method openAnnouncement_TC08 start
</system-out>
  </testcase>
  <testcase name="closeApplication" classname="org.sunbird.testscripts.Announcement_TC08" time="0">
    <skipped/>
    <system-out>I am in onTestSkipped method openAnnouncement_TC08 skipped
</system-out>
  </testcase>
  <testcase name="openApplication" classname="org.sunbird.testscripts.Announcement_TC09" time="0">
    <skipped/>
  </testcase>
  <testcase name="createWithAttachmentAnnouncement_TC09" classname="org.sunbird.testscripts.Announcement_TC09" time="0">
    <skipped/>
    <system-out>I am in onTestStart method createWithAttachmentAnnouncement_TC09 start
</system-out>
  </testcase>
  <testcase name="closeApplication" classname="org.sunbird.testscripts.Announcement_TC09" time="0">
    <skipped/>
    <system-out>I am in onTestSkipped method createWithAttachmentAnnouncement_TC09 skipped
</system-out>
  </testcase>
  <testcase name="openApplication" classname="org.sunbird.testscripts.Reviewer_TC01" time="0">
    <skipped/>
  </testcase>
  <testcase name="testCase01" classname="org.sunbird.testscripts.Reviewer_TC01" time="0">
    <skipped/>
    <system-out>I am in onTestStart method testCase01 start
</system-out>
  </testcase>
  <testcase name="closeApplication" classname="org.sunbird.testscripts.Reviewer_TC01" time="0">
    <skipped/>
    <system-out>I am in onTestSkipped method testCase01 skipped
</system-out>
  </testcase>
  <testcase name="openApplication" classname="org.sunbird.testscripts.Reviewer_TC14" time="0">
    <skipped/>
  </testcase>
  <testcase name="testCase16" classname="org.sunbird.testscripts.Reviewer_TC14" time="0">
    <skipped/>
    <system-out>I am in onTestStart method testCase16 start
</system-out>
  </testcase>
  <testcase name="closeApplication" classname="org.sunbird.testscripts.Reviewer_TC14" time="0">
    <skipped/>
    <system-out>I am in onTestSkipped method testCase16 skipped
</system-out>
  </testcase>
  <testcase name="openApplication" classname="org.sunbird.testscripts.Reviewer_TC16" time="0">
    <skipped/>
  </testcase>
  <testcase name="testCase16" classname="org.sunbird.testscripts.Reviewer_TC16" time="0">
    <skipped/>
    <system-out>I am in onTestStart method testCase16 start
</system-out>
  </testcase>
  <testcase name="closeApplication" classname="org.sunbird.testscripts.Reviewer_TC16" time="0">
    <skipped/>
    <system-out>I am in onTestSkipped method testCase16 skipped
</system-out>
  </testcase>
  <testcase name="openApplication" classname="org.sunbird.testscripts.Mentor_TC01" time="0">
    <skipped/>
  </testcase>
  <testcase name="checkCourseStatAsMentor_TC01" classname="org.sunbird.testscripts.Mentor_TC01" time="0">
    <skipped/>
    <system-out>I am in onTestStart method checkCourseStatAsMentor_TC01 start
</system-out>
  </testcase>
  <testcase name="closeApplication" classname="org.sunbird.testscripts.Mentor_TC01" time="0">
    <skipped/>
    <system-out>I am in onTestSkipped method checkCourseStatAsMentor_TC01 skipped
</system-out>
  </testcase>
  <testcase name="openApplication" classname="org.sunbird.testscripts.Mentor_TC02" time="0">
    <skipped/>
  </testcase>
  <testcase name="consumeOpenCourseByPublicUserInMentor_TC02" classname="org.sunbird.testscripts.Mentor_TC02" time="0">
    <skipped/>
    <system-out>I am in onTestStart method consumeOpenCourseByPublicUserInMentor_TC02 start
</system-out>
  </testcase>
  <testcase name="closeApplication" classname="org.sunbird.testscripts.Mentor_TC02" time="0">
    <skipped/>
    <system-out>I am in onTestSkipped method consumeOpenCourseByPublicUserInMentor_TC02 skipped
</system-out>
  </testcase>
  <testcase name="openApplication" classname="org.sunbird.testscripts.Mentor_TC03" time="0">
    <skipped/>
  </testcase>
  <testcase name="checkAvailabilityCourseForInvitedMemberInMentor_TC03" classname="org.sunbird.testscripts.Mentor_TC03" time="0">
    <skipped/>
    <system-out>I am in onTestStart method checkAvailabilityCourseForInvitedMemberInMentor_TC03 start
</system-out>
  </testcase>
  <testcase name="closeApplication" classname="org.sunbird.testscripts.Mentor_TC03" time="0">
    <skipped/>
    <system-out>I am in onTestSkipped method checkAvailabilityCourseForInvitedMemberInMentor_TC03 skipped
</system-out>
  </testcase>
  <testcase name="openApplication" classname="org.sunbird.testscripts.Mentor_TC05" time="0">
    <skipped/>
  </testcase>
  <testcase name="checkStatForOpenBatchMentor_TC05" classname="org.sunbird.testscripts.Mentor_TC05" time="0">
    <skipped/>
    <system-out>I am in onTestStart method checkStatForOpenBatchMentor_TC05 start
</system-out>
  </testcase>
  <testcase name="closeApplication" classname="org.sunbird.testscripts.Mentor_TC05" time="0">
    <skipped/>
    <system-out>I am in onTestSkipped method checkStatForOpenBatchMentor_TC05 skipped
</system-out>
  </testcase>
  <testcase name="openApplication" classname="org.sunbird.testscripts.Mentor_TC06" time="0">
    <skipped/>
  </testcase>
  <testcase name="updateBatchAsMemberInMentor_TC06" classname="org.sunbird.testscripts.Mentor_TC06" time="0">
    <skipped/>
    <system-out>I am in onTestStart method updateBatchAsMemberInMentor_TC06 start
</system-out>
  </testcase>
  <testcase name="closeApplication" classname="org.sunbird.testscripts.Mentor_TC06" time="0">
    <skipped/>
    <system-out>I am in onTestSkipped method updateBatchAsMemberInMentor_TC06 skipped
</system-out>
  </testcase>
  <testcase name="openApplication" classname="org.sunbird.testscripts.Mentor_TC07" time="0">
    <skipped/>
  </testcase>
  <testcase name="NavigateToMyActivityMentorTC_07" classname="org.sunbird.testscripts.Mentor_TC07" time="0">
    <skipped/>
    <system-out>I am in onTestStart method NavigateToMyActivityMentorTC_07 start
</system-out>
  </testcase>
  <testcase name="closeApplication" classname="org.sunbird.testscripts.Mentor_TC07" time="0">
    <skipped/>
    <system-out>I am in onTestSkipped method NavigateToMyActivityMentorTC_07 skipped
</system-out>
  </testcase>
  <testcase name="openApplication" classname="org.sunbird.testscripts.Mentor_TC09" time="0">
    <skipped/>
  </testcase>
  <testcase name="suborgMentorInvitingOrgMentor_TC09" classname="org.sunbird.testscripts.Mentor_TC09" time="0">
    <skipped/>
    <system-out>I am in onTestStart method suborgMentorInvitingOrgMentor_TC09 start
</system-out>
  </testcase>
  <testcase name="closeApplication" classname="org.sunbird.testscripts.Mentor_TC09" time="0">
    <skipped/>
    <system-out>I am in onTestSkipped method suborgMentorInvitingOrgMentor_TC09 skipped
</system-out>
  </testcase>
  <testcase name="openApplication" classname="org.sunbird.testscripts.Mentor_TC10" time="0">
    <skipped/>
  </testcase>
  <testcase name="CheckForDownloadButtonInMentor_TC10" classname="org.sunbird.testscripts.Mentor_TC10" time="0">
    <skipped/>
    <system-out>I am in onTestStart method CheckForDownloadButtonInMentor_TC10 start
</system-out>
  </testcase>
  <testcase name="closeApplication" classname="org.sunbird.testscripts.Mentor_TC10" time="0">
    <skipped/>
    <system-out>I am in onTestSkipped method CheckForDownloadButtonInMentor_TC10 skipped
</system-out>
  </testcase>
  <testcase name="openApplication" classname="org.sunbird.testscripts.Mentor_TC11" time="0">
    <skipped/>
  </testcase>
  <testcase name="checkForAuthenticUserInMentor_TC11" classname="org.sunbird.testscripts.Mentor_TC11" time="0">
    <skipped/>
    <system-out>I am in onTestStart method checkForAuthenticUserInMentor_TC11 start
</system-out>
  </testcase>
  <testcase name="closeApplication" classname="org.sunbird.testscripts.Mentor_TC11" time="0">
    <skipped/>
    <system-out>I am in onTestSkipped method checkForAuthenticUserInMentor_TC11 skipped
</system-out>
  </testcase>
  <testcase name="openApplication" classname="org.sunbird.testscripts.Mentor_TC12" time="0">
    <skipped/>
  </testcase>
  <testcase name="testcaseMentor12" classname="org.sunbird.testscripts.Mentor_TC12" time="0">
    <skipped/>
    <system-out>I am in onTestStart method testcaseMentor12 start
</system-out>
  </testcase>
  <testcase name="closeApplication" classname="org.sunbird.testscripts.Mentor_TC12" time="0">
    <skipped/>
    <system-out>I am in onTestSkipped method testcaseMentor12 skipped
</system-out>
  </testcase>
  <testcase name="openApplication" classname="org.sunbird.testscripts.Mentor_TC13" time="0">
    <skipped/>
  </testcase>
  <testcase name="consumeCourseByInvitedMemberInMentor_TC13" classname="org.sunbird.testscripts.Mentor_TC13" time="0">
    <skipped/>
    <system-out>I am in onTestStart method consumeCourseByInvitedMemberInMentor_TC13 start
</system-out>
  </testcase>
  <testcase name="closeApplication" classname="org.sunbird.testscripts.Mentor_TC13" time="0">
    <skipped/>
    <system-out>I am in onTestSkipped method consumeCourseByInvitedMemberInMentor_TC13 skipped
</system-out>
  </testcase>
  <testcase name="openApplication" classname="org.sunbird.testscripts.Mentor_TC14" time="0">
    <skipped/>
  </testcase>
  <testcase name="enrollToCourseInOpenBatchMentor_TC14" classname="org.sunbird.testscripts.Mentor_TC14" time="0">
    <skipped/>
    <system-out>I am in onTestStart method enrollToCourseInOpenBatchMentor_TC14 start
</system-out>
  </testcase>
  <testcase name="closeApplication" classname="org.sunbird.testscripts.Mentor_TC14" time="0">
    <skipped/>
    <system-out>I am in onTestSkipped method enrollToCourseInOpenBatchMentor_TC14 skipped
</system-out>
  </testcase>
  <testcase name="openApplication" classname="org.sunbird.testscripts.Admin_TC01" time="0">
    <skipped/>
  </testcase>
  <testcase name="uploadRootOrgTestCase01" classname="org.sunbird.testscripts.Admin_TC01" time="0">
    <skipped/>
    <system-out>I am in onTestStart method uploadRootOrgTestCase01 start
</system-out>
  </testcase>
  <testcase name="closeApplication" classname="org.sunbird.testscripts.Admin_TC01" time="0">
    <skipped/>
    <system-out>I am in onTestSkipped method uploadRootOrgTestCase01 skipped
</system-out>
  </testcase>
  <testcase name="openApplication" classname="org.sunbird.testscripts.Creator_TC01" time="0">
    <skipped/>
  </testcase>
  <testcase name="courseCreationTestCase01" classname="org.sunbird.testscripts.Creator_TC01" time="0">
    <skipped/>
    <system-out>I am in onTestStart method courseCreationTestCase01 start
</system-out>
  </testcase>
  <testcase name="closeApplication" classname="org.sunbird.testscripts.Creator_TC01" time="0">
    <skipped/>
    <system-out>I am in onTestSkipped method courseCreationTestCase01 skipped
</system-out>
  </testcase>
  <testcase name="openApplication" classname="org.sunbird.testscripts.Admin_TC03" time="0">
    <skipped/>
  </testcase>
  <testcase name="rootOrgUsersTestCase03" classname="org.sunbird.testscripts.Admin_TC03" time="0">
    <skipped/>
    <system-out>I am in onTestStart method rootOrgUsersTestCase03 start
</system-out>
  </testcase>
  <testcase name="closeApplication" classname="org.sunbird.testscripts.Admin_TC03" time="0">
    <skipped/>
    <system-out>I am in onTestSkipped method rootOrgUsersTestCase03 skipped
</system-out>
  </testcase>
  <testcase name="openApplication" classname="org.sunbird.testscripts.Creator_TC02" time="0">
    <skipped/>
  </testcase>
  <testcase name="bookCreationTestCase02" classname="org.sunbird.testscripts.Creator_TC02" time="0">
    <skipped/>
    <system-out>I am in onTestStart method bookCreationTestCase02 start
</system-out>
  </testcase>
  <testcase name="closeApplication" classname="org.sunbird.testscripts.Creator_TC02" time="0">
    <skipped/>
    <system-out>I am in onTestSkipped method bookCreationTestCase02 skipped
</system-out>
  </testcase>
  <testcase name="openApplication" classname="org.sunbird.testscripts.Admin_TC02" time="0">
    <skipped/>
  </testcase>
  <testcase name="uploadSubOrgTestCase02" classname="org.sunbird.testscripts.Admin_TC02" time="0">
    <skipped/>
    <system-out>I am in onTestStart method uploadSubOrgTestCase02 start
</system-out>
  </testcase>
  <testcase name="closeApplication" classname="org.sunbird.testscripts.Admin_TC02" time="0">
    <skipped/>
    <system-out>I am in onTestSkipped method uploadSubOrgTestCase02 skipped
</system-out>
  </testcase>
  <testcase name="openApplication" classname="org.sunbird.testscripts.Creator_TC03" time="0">
    <skipped/>
  </testcase>
  <testcase name="lessonplanCreationTestCase03" classname="org.sunbird.testscripts.Creator_TC03" time="0">
    <skipped/>
    <system-out>I am in onTestStart method lessonplanCreationTestCase03 start
</system-out>
  </testcase>
  <testcase name="closeApplication" classname="org.sunbird.testscripts.Creator_TC03" time="0">
    <skipped/>
    <system-out>I am in onTestSkipped method lessonplanCreationTestCase03 skipped
</system-out>
  </testcase>
  <testcase name="openApplication" classname="org.sunbird.testscripts.Admin_TC04" time="0">
    <skipped/>
  </testcase>
  <testcase name="subOrgUsersTestCase04" classname="org.sunbird.testscripts.Admin_TC04" time="0">
    <skipped/>
    <system-out>I am in onTestStart method subOrgUsersTestCase04 start
</system-out>
  </testcase>
  <testcase name="closeApplication" classname="org.sunbird.testscripts.Admin_TC04" time="0">
    <skipped/>
    <system-out>I am in onTestSkipped method subOrgUsersTestCase04 skipped
</system-out>
  </testcase>
  <testcase name="openApplication" classname="org.sunbird.testscripts.Creator_TC04" time="0">
    <skipped/>
  </testcase>
  <testcase name="uploadMp4TestCase04" classname="org.sunbird.testscripts.Creator_TC04" time="0">
    <skipped/>
    <system-out>I am in onTestStart method uploadMp4TestCase04 start
</system-out>
  </testcase>
  <testcase name="closeApplication" classname="org.sunbird.testscripts.Creator_TC04" time="0">
    <skipped/>
    <system-out>I am in onTestSkipped method uploadMp4TestCase04 skipped
</system-out>
  </testcase>
  <testcase name="openApplication" classname="org.sunbird.testscripts.Admin_TC05" time="0">
    <skipped/>
  </testcase>
  <testcase name="rootUsersProviderAndExtIDtestCase05" classname="org.sunbird.testscripts.Admin_TC05" time="0">
    <skipped/>
    <system-out>I am in onTestStart method rootUsersProviderAndExtIDtestCase05 start
</system-out>
  </testcase>
  <testcase name="closeApplication" classname="org.sunbird.testscripts.Admin_TC05" time="0">
    <skipped/>
    <system-out>I am in onTestSkipped method rootUsersProviderAndExtIDtestCase05 skipped
</system-out>
  </testcase>
  <testcase name="openApplication" classname="org.sunbird.testscripts.Creator_TC05" time="0">
    <skipped/>
  </testcase>
  <testcase name="uploadWebmTestCase05" classname="org.sunbird.testscripts.Creator_TC05" time="0">
    <skipped/>
    <system-out>I am in onTestStart method uploadWebmTestCase05 start
</system-out>
  </testcase>
  <testcase name="closeApplication" classname="org.sunbird.testscripts.Creator_TC05" time="0">
    <skipped/>
    <system-out>I am in onTestSkipped method uploadWebmTestCase05 skipped
</system-out>
  </testcase>
  <testcase name="openApplication" classname="org.sunbird.testscripts.Admin_TC06" time="0">
    <skipped/>
  </testcase>
  <testcase name="subOrgUsersProviderAndExtIdtestCase06" classname="org.sunbird.testscripts.Admin_TC06" time="0">
    <skipped/>
    <system-out>I am in onTestStart method subOrgUsersProviderAndExtIdtestCase06 start
</system-out>
  </testcase>
  <testcase name="closeApplication" classname="org.sunbird.testscripts.Admin_TC06" time="0">
    <skipped/>
    <system-out>I am in onTestSkipped method subOrgUsersProviderAndExtIdtestCase06 skipped
</system-out>
  </testcase>
  <testcase name="openApplication" classname="org.sunbird.testscripts.Creator_TC06" time="0">
    <skipped/>
  </testcase>
  <testcase name="uploadYoutubeTestCase06" classname="org.sunbird.testscripts.Creator_TC06" time="0">
    <skipped/>
    <system-out>I am in onTestStart method uploadYoutubeTestCase06 start
</system-out>
  </testcase>
  <testcase name="closeApplication" classname="org.sunbird.testscripts.Creator_TC06" time="0">
    <skipped/>
    <system-out>I am in onTestSkipped method uploadYoutubeTestCase06 skipped
</system-out>
  </testcase>
  <testcase name="openApplication" classname="org.sunbird.testscripts.Admin_TC07" time="0">
    <skipped/>
  </testcase>
  <testcase name="adminDashboardTestCase07" classname="org.sunbird.testscripts.Admin_TC07" time="0">
    <skipped/>
    <system-out>I am in onTestStart method adminDashboardTestCase07 start
</system-out>
  </testcase>
  <testcase name="closeApplication" classname="org.sunbird.testscripts.Admin_TC07" time="0">
    <skipped/>
    <system-out>I am in onTestSkipped method adminDashboardTestCase07 skipped
</system-out>
  </testcase>
  <testcase name="openApplication" classname="org.sunbird.testscripts.Creator_TC07" time="0">
    <skipped/>
  </testcase>
  <testcase name="uploadEpubTestCase07" classname="org.sunbird.testscripts.Creator_TC07" time="0">
    <skipped/>
    <system-out>I am in onTestStart method uploadEpubTestCase07 start
</system-out>
  </testcase>
  <testcase name="closeApplication" classname="org.sunbird.testscripts.Creator_TC07" time="0">
    <skipped/>
    <system-out>I am in onTestSkipped method uploadEpubTestCase07 skipped
</system-out>
  </testcase>
  <testcase name="openApplication" classname="org.sunbird.testscripts.Admin_TC08_10" time="0">
    <skipped/>
  </testcase>
  <testcase name="adminCreationAndCsvTestCaseTC08_10" classname="org.sunbird.testscripts.Admin_TC08_10" time="0">
    <skipped/>
    <system-out>I am in onTestStart method adminCreationAndCsvTestCaseTC08_10 start
</system-out>
  </testcase>
  <testcase name="closeApplication" classname="org.sunbird.testscripts.Admin_TC08_10" time="0">
    <skipped/>
    <system-out>I am in onTestSkipped method adminCreationAndCsvTestCaseTC08_10 skipped
</system-out>
  </testcase>
  <testcase name="openApplication" classname="org.sunbird.testscripts.Creator_TC08" time="0">
    <skipped/>
  </testcase>
  <testcase name="uploadHtmlTestCase08" classname="org.sunbird.testscripts.Creator_TC08" time="0">
    <skipped/>
    <system-out>I am in onTestStart method uploadHtmlTestCase08 start
</system-out>
  </testcase>
  <testcase name="closeApplication" classname="org.sunbird.testscripts.Creator_TC08" time="0">
    <skipped/>
    <system-out>I am in onTestSkipped method uploadHtmlTestCase08 skipped
</system-out>
  </testcase>
  <testcase name="openApplication" classname="org.sunbird.testscripts.Admin_TC09_11" time="0">
    <skipped/>
  </testcase>
  <testcase name="adminConsumptionAndCsvTestCase09_11" classname="org.sunbird.testscripts.Admin_TC09_11" time="0">
    <skipped/>
    <system-out>I am in onTestStart method adminConsumptionAndCsvTestCase09_11 start
</system-out>
  </testcase>
  <testcase name="closeApplication" classname="org.sunbird.testscripts.Admin_TC09_11" time="0">
    <skipped/>
    <system-out>I am in onTestSkipped method adminConsumptionAndCsvTestCase09_11 skipped
</system-out>
  </testcase>
  <testcase name="openApplication" classname="org.sunbird.testscripts.Creator_TC09" time="0">
    <skipped/>
  </testcase>
  <testcase name="uploadH5pTestCase09" classname="org.sunbird.testscripts.Creator_TC09" time="0">
    <skipped/>
    <system-out>I am in onTestStart method uploadH5pTestCase09 start
</system-out>
  </testcase>
  <testcase name="closeApplication" classname="org.sunbird.testscripts.Creator_TC09" time="0">
    <skipped/>
    <system-out>I am in onTestSkipped method uploadH5pTestCase09 skipped
</system-out>
  </testcase>
  <testcase name="openApplication" classname="org.sunbird.testscripts.Creator_TC10" time="0">
    <skipped/>
  </testcase>
  <testcase name="collectionCreationTestCase10" classname="org.sunbird.testscripts.Creator_TC10" time="0">
    <skipped/>
    <system-out>I am in onTestStart method collectionCreationTestCase10 start
</system-out>
  </testcase>
  <testcase name="closeApplication" classname="org.sunbird.testscripts.Creator_TC10" time="0">
    <skipped/>
    <system-out>I am in onTestSkipped method collectionCreationTestCase10 skipped
</system-out>
  </testcase>
  <testcase name="openApplication" classname="org.sunbird.testscripts.Creator_TC11" time="0">
    <skipped/>
  </testcase>
  <testcase name="resourceCreationTestCase11" classname="org.sunbird.testscripts.Creator_TC11" time="0">
    <skipped/>
    <system-out>I am in onTestStart method resourceCreationTestCase11 start
</system-out>
  </testcase>
  <testcase name="closeApplication" classname="org.sunbird.testscripts.Creator_TC11" time="0">
    <skipped/>
    <system-out>I am in onTestSkipped method resourceCreationTestCase11 skipped
</system-out>
  </testcase>
  <testcase name="openApplication" classname="org.sunbird.testscripts.Creator_TC12" time="0">
    <skipped/>
  </testcase>
  <testcase name="myActivityTestCase12" classname="org.sunbird.testscripts.Creator_TC12" time="0">
    <skipped/>
    <system-out>I am in onTestStart method myActivityTestCase12 start
</system-out>
  </testcase>
  <testcase name="closeApplication" classname="org.sunbird.testscripts.Creator_TC12" time="0">
    <skipped/>
    <system-out>I am in onTestSkipped method myActivityTestCase12 skipped
</system-out>
  </testcase>
  <testcase name="openApplication" classname="org.sunbird.testscripts.Creator_TC13" time="0">
    <skipped/>
  </testcase>
  <testcase name="editAndSendForReviewTestCase13" classname="org.sunbird.testscripts.Creator_TC13" time="0">
    <skipped/>
    <system-out>I am in onTestStart method editAndSendForReviewTestCase13 start
</system-out>
  </testcase>
  <testcase name="closeApplication" classname="org.sunbird.testscripts.Creator_TC13" time="0">
    <skipped/>
    <system-out>I am in onTestSkipped method editAndSendForReviewTestCase13 skipped
</system-out>
  </testcase>
  <testcase name="openApplication" classname="org.sunbird.testscripts.Creator_TC14" time="0">
    <skipped/>
  </testcase>
  <testcase name="contentLimitedSharingTestCase14" classname="org.sunbird.testscripts.Creator_TC14" time="0">
    <skipped/>
    <system-out>I am in onTestStart method contentLimitedSharingTestCase14 start
</system-out>
  </testcase>
  <testcase name="closeApplication" classname="org.sunbird.testscripts.Creator_TC14" time="0">
    <skipped/>
    <system-out>I am in onTestSkipped method contentLimitedSharingTestCase14 skipped
</system-out>
  </testcase>
  <testcase name="openApplication" classname="org.sunbird.testscripts.Creator_TC15" time="0">
    <skipped/>
  </testcase>
  <testcase name="checkReviewSubmissionTestCase15" classname="org.sunbird.testscripts.Creator_TC15" time="0">
    <skipped/>
    <system-out>I am in onTestStart method checkReviewSubmissionTestCase15 start
</system-out>
  </testcase>
  <testcase name="closeApplication" classname="org.sunbird.testscripts.Creator_TC15" time="0">
    <skipped/>
    <system-out>I am in onTestSkipped method checkReviewSubmissionTestCase15 skipped
</system-out>
  </testcase>
  <testcase name="openApplication" classname="org.sunbird.testscripts.Creator_TC15" time="0">
    <skipped/>
  </testcase>
  <testcase name="checkReviewSubmissionTestCase15" classname="org.sunbird.testscripts.Creator_TC15" time="0">
    <skipped/>
    <system-out>I am in onTestStart method checkReviewSubmissionTestCase15 start
</system-out>
  </testcase>
  <testcase name="closeApplication" classname="org.sunbird.testscripts.Creator_TC15" time="0">
    <skipped/>
    <system-out>I am in onTestSkipped method checkReviewSubmissionTestCase15 skipped
</system-out>
  </testcase>
  <testcase name="openApplication" classname="org.sunbird.testscripts.Creator_TC16" time="0">
    <skipped/>
  </testcase>
  <testcase name="verifyPublishedBucketTestCase16" classname="org.sunbird.testscripts.Creator_TC16" time="0">
    <skipped/>
    <system-out>I am in onTestStart method verifyPublishedBucketTestCase16 start
</system-out>
  </testcase>
  <testcase name="closeApplication" classname="org.sunbird.testscripts.Creator_TC16" time="0">
    <skipped/>
    <system-out>I am in onTestSkipped method verifyPublishedBucketTestCase16 skipped
</system-out>
  </testcase>
  <testcase name="openApplication" classname="org.sunbird.testscripts.Creator_TC17" time="0">
    <skipped/>
  </testcase>
  <testcase name="dialCodeLinkTestCase17" classname="org.sunbird.testscripts.Creator_TC17" time="0">
    <skipped/>
    <system-out>I am in onTestStart method dialCodeLinkTestCase17 start
</system-out>
  </testcase>
  <testcase name="closeApplication" classname="org.sunbird.testscripts.Creator_TC17" time="0">
    <skipped/>
    <system-out>I am in onTestSkipped method dialCodeLinkTestCase17 skipped
</system-out>
  </testcase>
  <testcase name="openApplication" classname="org.sunbird.testscripts.Creator_TC18" time="0">
    <skipped/>
  </testcase>
  <testcase name="unlinkDailcodeTestCase18" classname="org.sunbird.testscripts.Creator_TC18" time="0">
    <skipped/>
    <system-out>I am in onTestStart method unlinkDailcodeTestCase18 start
</system-out>
  </testcase>
  <testcase name="closeApplication" classname="org.sunbird.testscripts.Creator_TC18" time="0">
    <skipped/>
    <system-out>I am in onTestSkipped method unlinkDailcodeTestCase18 skipped
</system-out>
  </testcase>
  <testcase name="openApplication" classname="org.sunbird.testscripts.Creator_TC20" time="0">
    <skipped/>
  </testcase>
  <testcase name="bookCreatortestCase20" classname="org.sunbird.testscripts.Creator_TC20" time="0">
    <skipped/>
    <system-out>I am in onTestStart method bookCreatortestCase20 start
</system-out>
  </testcase>
  <testcase name="closeApplication" classname="org.sunbird.testscripts.Creator_TC20" time="0">
    <skipped/>
    <system-out>I am in onTestSkipped method bookCreatortestCase20 skipped
</system-out>
  </testcase>
</testsuite>